{"C:\\REACTprojects\\desafio\\src\\abrigo-animais.js": {"path":"C:\\REACTprojects\\desafio\\src\\abrigo-animais.js","all":false,"statementMap":{"0":{"start":{"line":1,"column":0},"end":{"line":1,"column":21}},"1":{"start":{"line":2,"column":0},"end":{"line":2,"column":17}},"2":{"start":{"line":3,"column":0},"end":{"line":3,"column":51}},"3":{"start":{"line":4,"column":0},"end":{"line":4,"column":27}},"4":{"start":{"line":5,"column":0},"end":{"line":5,"column":28}},"5":{"start":{"line":6,"column":0},"end":{"line":6,"column":30}},"6":{"start":{"line":7,"column":0},"end":{"line":7,"column":38}},"7":{"start":{"line":8,"column":0},"end":{"line":8,"column":29}},"8":{"start":{"line":9,"column":0},"end":{"line":9,"column":32}},"9":{"start":{"line":10,"column":0},"end":{"line":10,"column":38}},"10":{"start":{"line":11,"column":0},"end":{"line":11,"column":29}},"11":{"start":{"line":12,"column":0},"end":{"line":12,"column":6}},"12":{"start":{"line":13,"column":0},"end":{"line":13,"column":0}},"13":{"start":{"line":14,"column":0},"end":{"line":14,"column":44}},"14":{"start":{"line":15,"column":0},"end":{"line":15,"column":83}},"15":{"start":{"line":16,"column":0},"end":{"line":16,"column":3}},"16":{"start":{"line":17,"column":0},"end":{"line":17,"column":0}},"17":{"start":{"line":18,"column":0},"end":{"line":18,"column":34}},"18":{"start":{"line":19,"column":0},"end":{"line":19,"column":33}},"19":{"start":{"line":20,"column":0},"end":{"line":20,"column":54}},"20":{"start":{"line":21,"column":0},"end":{"line":21,"column":3}},"21":{"start":{"line":22,"column":0},"end":{"line":22,"column":0}},"22":{"start":{"line":23,"column":0},"end":{"line":23,"column":59}},"23":{"start":{"line":24,"column":0},"end":{"line":24,"column":32}},"24":{"start":{"line":25,"column":0},"end":{"line":25,"column":40}},"25":{"start":{"line":26,"column":0},"end":{"line":26,"column":62}},"26":{"start":{"line":27,"column":0},"end":{"line":27,"column":77}},"27":{"start":{"line":28,"column":0},"end":{"line":28,"column":42}},"28":{"start":{"line":29,"column":0},"end":{"line":29,"column":3}},"29":{"start":{"line":30,"column":0},"end":{"line":30,"column":0}},"30":{"start":{"line":31,"column":0},"end":{"line":31,"column":42}},"31":{"start":{"line":32,"column":0},"end":{"line":32,"column":41}},"32":{"start":{"line":33,"column":0},"end":{"line":33,"column":63}},"33":{"start":{"line":34,"column":0},"end":{"line":34,"column":3}},"34":{"start":{"line":35,"column":0},"end":{"line":35,"column":0}},"35":{"start":{"line":36,"column":0},"end":{"line":36,"column":76}},"36":{"start":{"line":37,"column":0},"end":{"line":37,"column":51}},"37":{"start":{"line":38,"column":0},"end":{"line":38,"column":16}},"38":{"start":{"line":39,"column":0},"end":{"line":39,"column":45}},"39":{"start":{"line":40,"column":0},"end":{"line":40,"column":52}},"40":{"start":{"line":41,"column":0},"end":{"line":41,"column":114}},"41":{"start":{"line":42,"column":0},"end":{"line":42,"column":5}},"42":{"start":{"line":43,"column":0},"end":{"line":43,"column":38}},"43":{"start":{"line":44,"column":0},"end":{"line":44,"column":3}},"44":{"start":{"line":45,"column":0},"end":{"line":45,"column":0}},"45":{"start":{"line":46,"column":0},"end":{"line":46,"column":70}},"46":{"start":{"line":47,"column":0},"end":{"line":47,"column":56}},"47":{"start":{"line":48,"column":0},"end":{"line":48,"column":21}},"48":{"start":{"line":49,"column":0},"end":{"line":49,"column":44}},"49":{"start":{"line":50,"column":0},"end":{"line":50,"column":0}},"50":{"start":{"line":51,"column":0},"end":{"line":51,"column":27}},"51":{"start":{"line":52,"column":0},"end":{"line":52,"column":38}},"52":{"start":{"line":53,"column":0},"end":{"line":53,"column":82}},"53":{"start":{"line":54,"column":0},"end":{"line":54,"column":5}},"54":{"start":{"line":55,"column":0},"end":{"line":55,"column":0}},"55":{"start":{"line":56,"column":0},"end":{"line":56,"column":30}},"56":{"start":{"line":57,"column":0},"end":{"line":57,"column":87}},"57":{"start":{"line":58,"column":0},"end":{"line":58,"column":44}},"58":{"start":{"line":59,"column":0},"end":{"line":59,"column":5}},"59":{"start":{"line":60,"column":0},"end":{"line":60,"column":0}},"60":{"start":{"line":61,"column":0},"end":{"line":61,"column":39}},"61":{"start":{"line":62,"column":0},"end":{"line":62,"column":39}},"62":{"start":{"line":63,"column":0},"end":{"line":63,"column":0}},"63":{"start":{"line":64,"column":0},"end":{"line":64,"column":31}},"64":{"start":{"line":65,"column":0},"end":{"line":65,"column":36}},"65":{"start":{"line":66,"column":0},"end":{"line":66,"column":52}},"66":{"start":{"line":67,"column":0},"end":{"line":67,"column":0}},"67":{"start":{"line":68,"column":0},"end":{"line":68,"column":103}},"68":{"start":{"line":69,"column":0},"end":{"line":69,"column":30}},"69":{"start":{"line":70,"column":0},"end":{"line":70,"column":92}},"70":{"start":{"line":71,"column":0},"end":{"line":71,"column":15}},"71":{"start":{"line":72,"column":0},"end":{"line":72,"column":7}},"72":{"start":{"line":73,"column":0},"end":{"line":73,"column":0}},"73":{"start":{"line":74,"column":0},"end":{"line":74,"column":87}},"74":{"start":{"line":75,"column":0},"end":{"line":75,"column":54}},"75":{"start":{"line":76,"column":0},"end":{"line":76,"column":54}},"76":{"start":{"line":77,"column":0},"end":{"line":77,"column":54}},"77":{"start":{"line":78,"column":0},"end":{"line":78,"column":0}},"78":{"start":{"line":79,"column":0},"end":{"line":79,"column":59}},"79":{"start":{"line":80,"column":0},"end":{"line":80,"column":58}},"80":{"start":{"line":81,"column":0},"end":{"line":81,"column":58}},"81":{"start":{"line":82,"column":0},"end":{"line":82,"column":46}},"82":{"start":{"line":83,"column":0},"end":{"line":83,"column":0}},"83":{"start":{"line":84,"column":0},"end":{"line":84,"column":15}},"84":{"start":{"line":85,"column":0},"end":{"line":85,"column":7}},"85":{"start":{"line":86,"column":0},"end":{"line":86,"column":0}},"86":{"start":{"line":87,"column":0},"end":{"line":87,"column":41}},"87":{"start":{"line":88,"column":0},"end":{"line":88,"column":52}},"88":{"start":{"line":89,"column":0},"end":{"line":89,"column":52}},"89":{"start":{"line":90,"column":0},"end":{"line":90,"column":60}},"90":{"start":{"line":91,"column":0},"end":{"line":91,"column":65}},"91":{"start":{"line":92,"column":0},"end":{"line":92,"column":44}},"92":{"start":{"line":93,"column":0},"end":{"line":93,"column":7}},"93":{"start":{"line":94,"column":0},"end":{"line":94,"column":0}},"94":{"start":{"line":95,"column":0},"end":{"line":95,"column":55}},"95":{"start":{"line":96,"column":0},"end":{"line":96,"column":17}},"96":{"start":{"line":97,"column":0},"end":{"line":97,"column":34}},"97":{"start":{"line":98,"column":0},"end":{"line":98,"column":3}},"98":{"start":{"line":99,"column":0},"end":{"line":99,"column":0}},"99":{"start":{"line":100,"column":0},"end":{"line":100,"column":55}},"100":{"start":{"line":101,"column":0},"end":{"line":101,"column":29}},"101":{"start":{"line":102,"column":0},"end":{"line":102,"column":32}},"102":{"start":{"line":103,"column":0},"end":{"line":103,"column":3}},"103":{"start":{"line":104,"column":0},"end":{"line":104,"column":1}},"104":{"start":{"line":105,"column":0},"end":{"line":105,"column":0}},"105":{"start":{"line":106,"column":0},"end":{"line":106,"column":25}}},"s":{"0":1,"1":1,"2":5,"3":5,"4":5,"5":5,"6":5,"7":5,"8":5,"9":5,"10":5,"11":5,"12":5,"13":5,"14":5,"15":5,"16":1,"17":1,"18":1,"19":8,"20":8,"21":1,"22":1,"23":1,"24":4,"25":4,"26":4,"27":4,"28":4,"29":1,"30":1,"31":1,"32":1,"33":1,"34":1,"35":1,"36":1,"37":12,"38":12,"39":32,"40":32,"41":32,"42":8,"43":8,"44":1,"45":1,"46":1,"47":2,"48":2,"49":2,"50":2,"51":2,"52":6,"53":6,"54":2,"55":2,"56":2,"57":0,"58":0,"59":2,"60":2,"61":2,"62":2,"63":2,"64":2,"65":6,"66":6,"67":6,"68":6,"69":0,"70":0,"71":0,"72":6,"73":6,"74":6,"75":3,"76":3,"77":3,"78":3,"79":2,"80":2,"81":1,"82":3,"83":3,"84":3,"85":3,"86":3,"87":3,"88":3,"89":6,"90":2,"91":2,"92":2,"93":2,"94":2,"95":2,"96":2,"97":2,"98":1,"99":1,"100":1,"101":1,"102":1,"103":1,"104":1,"105":1},"branchMap":{"0":{"type":"branch","line":2,"loc":{"start":{"line":2,"column":2},"end":{"line":16,"column":3}},"locations":[{"start":{"line":2,"column":2},"end":{"line":16,"column":3}}]},"1":{"type":"branch","line":19,"loc":{"start":{"line":19,"column":2},"end":{"line":21,"column":3}},"locations":[{"start":{"line":19,"column":2},"end":{"line":21,"column":3}}]},"2":{"type":"branch","line":24,"loc":{"start":{"line":24,"column":2},"end":{"line":29,"column":3}},"locations":[{"start":{"line":24,"column":2},"end":{"line":29,"column":3}}]},"3":{"type":"branch","line":27,"loc":{"start":{"line":27,"column":35},"end":{"line":27,"column":75}},"locations":[{"start":{"line":27,"column":35},"end":{"line":27,"column":75}}]},"4":{"type":"branch","line":32,"loc":{"start":{"line":32,"column":2},"end":{"line":34,"column":3}},"locations":[{"start":{"line":32,"column":2},"end":{"line":34,"column":3}}]},"5":{"type":"branch","line":33,"loc":{"start":{"line":33,"column":55},"end":{"line":33,"column":62}},"locations":[{"start":{"line":33,"column":55},"end":{"line":33,"column":62}}]},"6":{"type":"branch","line":37,"loc":{"start":{"line":37,"column":2},"end":{"line":44,"column":3}},"locations":[{"start":{"line":37,"column":2},"end":{"line":44,"column":3}}]},"7":{"type":"branch","line":39,"loc":{"start":{"line":39,"column":44},"end":{"line":42,"column":5}},"locations":[{"start":{"line":39,"column":44},"end":{"line":42,"column":5}}]},"8":{"type":"branch","line":40,"loc":{"start":{"line":40,"column":46},"end":{"line":40,"column":52}},"locations":[{"start":{"line":40,"column":46},"end":{"line":40,"column":52}}]},"9":{"type":"branch","line":41,"loc":{"start":{"line":41,"column":42},"end":{"line":41,"column":54}},"locations":[{"start":{"line":41,"column":42},"end":{"line":41,"column":54}}]},"10":{"type":"branch","line":42,"loc":{"start":{"line":42,"column":4},"end":{"line":44,"column":3}},"locations":[{"start":{"line":42,"column":4},"end":{"line":44,"column":3}}]},"11":{"type":"branch","line":47,"loc":{"start":{"line":47,"column":2},"end":{"line":98,"column":3}},"locations":[{"start":{"line":47,"column":2},"end":{"line":98,"column":3}}]},"12":{"type":"branch","line":52,"loc":{"start":{"line":52,"column":37},"end":{"line":54,"column":5}},"locations":[{"start":{"line":52,"column":37},"end":{"line":54,"column":5}}]},"13":{"type":"branch","line":53,"loc":{"start":{"line":53,"column":47},"end":{"line":53,"column":82}},"locations":[{"start":{"line":53,"column":47},"end":{"line":53,"column":82}}]},"14":{"type":"branch","line":57,"loc":{"start":{"line":57,"column":86},"end":{"line":59,"column":5}},"locations":[{"start":{"line":57,"column":86},"end":{"line":59,"column":5}}]},"15":{"type":"branch","line":65,"loc":{"start":{"line":65,"column":25},"end":{"line":93,"column":5}},"locations":[{"start":{"line":65,"column":25},"end":{"line":93,"column":5}}]},"16":{"type":"branch","line":69,"loc":{"start":{"line":69,"column":29},"end":{"line":72,"column":7}},"locations":[{"start":{"line":69,"column":29},"end":{"line":72,"column":7}}]},"17":{"type":"branch","line":75,"loc":{"start":{"line":75,"column":53},"end":{"line":90,"column":18}},"locations":[{"start":{"line":75,"column":53},"end":{"line":90,"column":18}}]},"18":{"type":"branch","line":79,"loc":{"start":{"line":79,"column":16},"end":{"line":79,"column":24}},"locations":[{"start":{"line":79,"column":16},"end":{"line":79,"column":24}}]},"19":{"type":"branch","line":79,"loc":{"start":{"line":79,"column":26},"end":{"line":79,"column":59}},"locations":[{"start":{"line":79,"column":26},"end":{"line":79,"column":59}}]},"20":{"type":"branch","line":80,"loc":{"start":{"line":80,"column":-1},"end":{"line":82,"column":46}},"locations":[{"start":{"line":80,"column":-1},"end":{"line":82,"column":46}}]},"21":{"type":"branch","line":80,"loc":{"start":{"line":80,"column":23},"end":{"line":80,"column":58}},"locations":[{"start":{"line":80,"column":23},"end":{"line":80,"column":58}}]},"22":{"type":"branch","line":81,"loc":{"start":{"line":81,"column":23},"end":{"line":82,"column":46}},"locations":[{"start":{"line":81,"column":23},"end":{"line":82,"column":46}}]},"23":{"type":"branch","line":90,"loc":{"start":{"line":90,"column":14},"end":{"line":90,"column":23}},"locations":[{"start":{"line":90,"column":14},"end":{"line":90,"column":23}}]},"24":{"type":"branch","line":90,"loc":{"start":{"line":90,"column":25},"end":{"line":90,"column":60}},"locations":[{"start":{"line":90,"column":25},"end":{"line":90,"column":60}}]},"25":{"type":"branch","line":91,"loc":{"start":{"line":91,"column":-1},"end":{"line":92,"column":44}},"locations":[{"start":{"line":91,"column":-1},"end":{"line":92,"column":44}}]},"26":{"type":"branch","line":91,"loc":{"start":{"line":91,"column":30},"end":{"line":91,"column":65}},"locations":[{"start":{"line":91,"column":30},"end":{"line":91,"column":65}}]},"27":{"type":"branch","line":101,"loc":{"start":{"line":101,"column":2},"end":{"line":103,"column":3}},"locations":[{"start":{"line":101,"column":2},"end":{"line":103,"column":3}}]}},"b":{"0":[5],"1":[8],"2":[4],"3":[10],"4":[1],"5":[0],"6":[12],"7":[32],"8":[13],"9":[4],"10":[8],"11":[2],"12":[6],"13":[0],"14":[0],"15":[6],"16":[0],"17":[3],"18":[1],"19":[1],"20":[2],"21":[0],"22":[1],"23":[1],"24":[1],"25":[2],"26":[0],"27":[1]},"fnMap":{"0":{"name":"AbrigoAnimais","decl":{"start":{"line":2,"column":2},"end":{"line":16,"column":3}},"loc":{"start":{"line":2,"column":2},"end":{"line":16,"column":3}},"line":2},"1":{"name":"rejeitaAnimalInvalido","decl":{"start":{"line":19,"column":2},"end":{"line":21,"column":3}},"loc":{"start":{"line":19,"column":2},"end":{"line":21,"column":3}},"line":19},"2":{"name":"validaBrinquedos","decl":{"start":{"line":24,"column":2},"end":{"line":29,"column":3}},"loc":{"start":{"line":24,"column":2},"end":{"line":29,"column":3}},"line":24},"3":{"name":"limiteAnimaisPorPessoa","decl":{"start":{"line":32,"column":2},"end":{"line":34,"column":3}},"loc":{"start":{"line":32,"column":2},"end":{"line":34,"column":3}},"line":32},"4":{"name":"confereOrdem","decl":{"start":{"line":37,"column":2},"end":{"line":44,"column":3}},"loc":{"start":{"line":37,"column":2},"end":{"line":44,"column":3}},"line":37},"5":{"name":"encontraPessoas","decl":{"start":{"line":47,"column":2},"end":{"line":98,"column":3}},"loc":{"start":{"line":47,"column":2},"end":{"line":98,"column":3}},"line":47},"6":{"name":"locoVaiParaAbrigo","decl":{"start":{"line":101,"column":2},"end":{"line":103,"column":3}},"loc":{"start":{"line":101,"column":2},"end":{"line":103,"column":3}},"line":101}},"f":{"0":5,"1":8,"2":4,"3":1,"4":12,"5":2,"6":1}}
}
