TN:
SF:src\abrigo-animais.js
FN:2,AbrigoAnimais
FN:19,rejeitaAnimalInvalido
FN:24,validaBrinquedos
FN:32,limiteAnimaisPorPessoa
FN:37,confereOrdem
FN:47,encontraPessoas
FN:101,locoVaiParaAbrigo
FNF:7
FNH:7
FNDA:5,AbrigoAnimais
FNDA:8,rejeitaAnimalInvalido
FNDA:4,validaBrinquedos
FNDA:1,limiteAnimaisPorPessoa
FNDA:12,confereOrdem
FNDA:2,encontraPessoas
FNDA:1,locoVaiParaAbrigo
DA:1,1
DA:2,1
DA:3,5
DA:4,5
DA:5,5
DA:6,5
DA:7,5
DA:8,5
DA:9,5
DA:10,5
DA:11,5
DA:12,5
DA:13,5
DA:14,5
DA:15,5
DA:16,5
DA:17,1
DA:18,1
DA:19,1
DA:20,8
DA:21,8
DA:22,1
DA:23,1
DA:24,1
DA:25,4
DA:26,4
DA:27,4
DA:28,4
DA:29,4
DA:30,1
DA:31,1
DA:32,1
DA:33,1
DA:34,1
DA:35,1
DA:36,1
DA:37,1
DA:38,12
DA:39,12
DA:40,32
DA:41,32
DA:42,32
DA:43,8
DA:44,8
DA:45,1
DA:46,1
DA:47,1
DA:48,2
DA:49,2
DA:50,2
DA:51,2
DA:52,2
DA:53,6
DA:54,6
DA:55,2
DA:56,2
DA:57,2
DA:58,0
DA:59,0
DA:60,2
DA:61,2
DA:62,2
DA:63,2
DA:64,2
DA:65,2
DA:66,6
DA:67,6
DA:68,6
DA:69,6
DA:70,0
DA:71,0
DA:72,0
DA:73,6
DA:74,6
DA:75,6
DA:76,3
DA:77,3
DA:78,3
DA:79,3
DA:80,2
DA:81,2
DA:82,1
DA:83,3
DA:84,3
DA:85,3
DA:86,3
DA:87,3
DA:88,3
DA:89,3
DA:90,6
DA:91,2
DA:92,2
DA:93,2
DA:94,2
DA:95,2
DA:96,2
DA:97,2
DA:98,2
DA:99,1
DA:100,1
DA:101,1
DA:102,1
DA:103,1
DA:104,1
DA:105,1
DA:106,1
LF:106
LH:101
BRDA:2,0,0,5
BRDA:19,1,0,8
BRDA:24,2,0,4
BRDA:27,3,0,10
BRDA:32,4,0,1
BRDA:33,5,0,0
BRDA:37,6,0,12
BRDA:39,7,0,32
BRDA:40,8,0,13
BRDA:41,9,0,4
BRDA:42,10,0,8
BRDA:47,11,0,2
BRDA:52,12,0,6
BRDA:53,13,0,0
BRDA:57,14,0,0
BRDA:65,15,0,6
BRDA:69,16,0,0
BRDA:75,17,0,3
BRDA:79,18,0,1
BRDA:79,19,0,1
BRDA:80,20,0,2
BRDA:80,21,0,0
BRDA:81,22,0,1
BRDA:90,23,0,1
BRDA:90,24,0,1
BRDA:91,25,0,2
BRDA:91,26,0,0
BRDA:101,27,0,1
BRF:28
BRH:22
end_of_record
